<?xml version="1.0" encoding="UTF-8"?>
<!-- Generated by org.testng.reporters.JUnitReportReporter -->
<testsuite hostname="Ashishs-MacBook-Air.local" failures="0" tests="2" name="Practice1.ContactTest" time="0.013" errors="0" timestamp="2025-03-06T17:27:20 IST" skipped="0">
  <testcase classname="Practice1.ContactTest" name="modifycontactTest" time="0.002"/>
  <system-out/>
  <testcase classname="Practice1.ContactTest" name="createcontactTest" time="0.011"/>
  <system-out/>
</testsuite> <!-- Practice1.ContactTest -->
